<?xml version="1.0" encoding="UTF-8"?>
<testng-results ignored="0" total="2" passed="2" failed="0" skipped="0">
  <reporter-output>
  </reporter-output>
  <suite started-at="2023-03-18T10:15:29 CET" name="Surefire suite" finished-at="2023-03-18T10:15:38 CET" duration-ms="9213">
    <groups>
    </groups>
    <test started-at="2023-03-18T10:15:29 CET" name="Surefire test" finished-at="2023-03-18T10:15:38 CET" duration-ms="9213">
      <class name="pPack.DemoTest">
        <test-method signature="loginTest()[pri:0, instance:pPack.DemoTest@5db250b4]" started-at="2023-03-18T10:15:29 CET" name="loginTest" finished-at="2023-03-18T10:15:38 CET" duration-ms="8368" status="PASS">
          <reporter-output>
          </reporter-output>
        </test-method> <!-- loginTest -->
        <test-method is-config="true" signature="closure()[pri:0, instance:pPack.DemoTest@5db250b4]" started-at="2023-03-18T10:15:38 CET" name="closure" finished-at="2023-03-18T10:15:38 CET" duration-ms="812" status="PASS">
          <reporter-output>
          </reporter-output>
        </test-method> <!-- closure -->
      </class> <!-- pPack.DemoTest -->
      <class name="pPack.DemoTwoTest">
        <test-method signature="mTwo()[pri:0, instance:pPack.DemoTwoTest@419c5f1a]" started-at="2023-03-18T10:15:38 CET" name="mTwo" finished-at="2023-03-18T10:15:38 CET" duration-ms="0" status="PASS">
          <reporter-output>
          </reporter-output>
        </test-method> <!-- mTwo -->
      </class> <!-- pPack.DemoTwoTest -->
    </test> <!-- Surefire test -->
  </suite> <!-- Surefire suite -->
</testng-results>
