<?xml version="1.0" encoding="UTF-8"?>
<testsuite xmlns:xsi="http://www.w3.org/2001/XMLSchema-instance" xsi:noNamespaceSchemaLocation="https://maven.apache.org/surefire/maven-surefire-plugin/xsd/surefire-test-report-3.0.xsd" version="3.0" name="TestSuite" time="9.566" tests="2" errors="0" skipped="0" failures="0">
  <properties>
[...]
</properties>
  <testcase name="loginTest" classname="pPack.DemoTest" time="8.368">
    <system-err><![CDATA[SLF4J: Failed to load class "org.slf4j.impl.StaticLoggerBinder".
SLF4J: Defaulting to no-operation (NOP) logger implementation
SLF4J: See http://www.slf4j.org/codes.html#StaticLoggerBinder for further details.
1679130931486	geckodriver	INFO	Listening on 127.0.0.1:13063
1679130931722	mozrunner::runner	INFO	Running command: "C:\\Program Files\\Mozilla Firefox\\firefox.exe" "--marionette" "--remote-debugging-port" "29268" "--remote ... alhost:29268/,http://[::1]:29268/" "-no-remote" "-profile" "C:\\Users\\ALKACH~1\\AppData\\Local\\Temp\\rust_mozprofileyowjvH"
console.warn: services.settings: Ignoring preference override of remote settings server
console.warn: services.settings: Allow by setting MOZ_REMOTE_SETTINGS_DEVTOOLS=1 in the environment
1679130932249	Marionette	INFO	Marionette enabled
Dynamically enable window occlusion 0
1679130932258	Marionette	INFO	Listening on port 51774
Read port: 51774
WebDriver BiDi listening on ws://127.0.0.1:29268
1679130932421	RemoteAgent	WARN	TLS certificate errors will be ignored for this session
console.warn: SearchSettings: "get: No settings file exists, new profile?" (new NotFoundError("Could not open the file at C:\\Users\\ALKACH~1\\AppData\\Local\\Temp\\rust_mozprofileyowjvH\\search.json.mozlz4", (void 0)))
DevTools listening on ws://127.0.0.1:29268/devtools/browser/601885e3-0cea-4796-9cad-bbc488e81272
console.warn: LoginRecipes: "Falling back to a synchronous message for: https://naveenautomationlabs.com."
console.warn: LoginRecipes: "Falling back to a synchronous message for: https://naveenautomationlabs.com."
]]></system-err>
  </testcase>
  <testcase name="mTwo" classname="pPack.DemoTwoTest" time="0.001">
    <system-out><![CDATA[Inside mTwo method from DemoTwoTest 
]]></system-out>
    <system-err><![CDATA[1679130938087	RemoteAgent	INFO	Perform WebSocket upgrade for incoming connection from 127.0.0.1:51809
1679130938089	CDP	WARN	Invalid browser preferences for CDP. Set "fission.webContentIsolationStrategy"to 0 and "fission.bfcacheInParent" to false before Firefox starts.
1679130938113	Marionette	INFO	Stopped listening on port 51774
Dynamically enable window occlusion 1
WARNING: A blocker encountered an error while we were waiting.
          Blocker:  Waiting for ping task
          Phase: TelemetryController: Waiting for pending ping activity
          State: (none)
WARNING: Error: Phase "profile-before-change" is finished, it is too late to register completion condition "OS.File: flush I/O queued before profileBeforeChange"
WARNING: addBlocker@resource://gre/modules/AsyncShutdown.sys.mjs:727:15
addBlocker@resource://gre/modules/AsyncShutdown.sys.mjs:523:26
addBlocker@resource://gre/modules/AsyncShutdown.sys.mjs:458:15
setupShutdown@resource://gre/modules/osfile/osfile_async_front.jsm:1548:28
@resource://gre/modules/osfile/osfile_async_front.jsm:1568:16
@resource://gre/modules/osfile.jsm:12:30
@resource://gre/modules/TelemetryStorage.sys.mjs:10:28
_checkPendingPings@resource://gre/modules/TelemetrySend.sys.mjs:863:17
setup@resource://gre/modules/TelemetrySend.sys.mjs:803:18
setup@resource://gre/modules/TelemetrySend.sys.mjs:241:30
setupTelemetry/this._delayedInitTask<@resource://gre/modules/TelemetryControllerParent.sys.mjs:828:36
observe@resource://gre/modules/AsyncShutdown.sys.mjs:576:16

console.error: "TelemetryScheduler.shutdown - Already shut down"
WARNING: A blocker encountered an error while we were waiting.
          Blocker:  Waiting for ping task
          Phase: TelemetryController: Waiting for pending ping activity
          State: (none)
WARNING: Error: Phase "profile-before-change" is finished, it is too late to register completion condition "OS.File: flush I/O queued before profileBeforeChange"
WARNING: addBlocker@resource://gre/modules/AsyncShutdown.sys.mjs:727:15
addBlocker@resource://gre/modules/AsyncShutdown.sys.mjs:523:26
addBlocker@resource://gre/modules/AsyncShutdown.sys.mjs:458:15
setupShutdown@resource://gre/modules/osfile/osfile_async_front.jsm:1548:28
@resource://gre/modules/osfile/osfile_async_front.jsm:1568:16
@resource://gre/modules/osfile.jsm:12:30
@resource://gre/modules/TelemetryStorage.sys.mjs:10:28
_checkPendingPings@resource://gre/modules/TelemetrySend.sys.mjs:863:17
setup@resource://gre/modules/TelemetrySend.sys.mjs:803:18
setup@resource://gre/modules/TelemetrySend.sys.mjs:241:30
setupTelemetry/this._delayedInitTask<@resource://gre/modules/TelemetryControllerParent.sys.mjs:828:36
observe@resource://gre/modules/AsyncShutdown.sys.mjs:576:16

WARNING: A blocker encountered an error while we were waiting.
          Blocker:  Waiting for ping task
          Phase: TelemetryController: Waiting for pending ping activity
          State: (none)
WARNING: Error: Phase "profile-before-change" is finished, it is too late to register completion condition "OS.File: flush I/O queued before profileBeforeChange"
WARNING: addBlocker@resource://gre/modules/AsyncShutdown.sys.mjs:727:15
addBlocker@resource://gre/modules/AsyncShutdown.sys.mjs:523:26
addBlocker@resource://gre/modules/AsyncShutdown.sys.mjs:458:15
setupShutdown@resource://gre/modules/osfile/osfile_async_front.jsm:1548:28
@resource://gre/modules/osfile/osfile_async_front.jsm:1568:16
@resource://gre/modules/osfile.jsm:12:30
@resource://gre/modules/TelemetryStorage.sys.mjs:10:28
_checkPendingPings@resource://gre/modules/TelemetrySend.sys.mjs:863:17
setup@resource://gre/modules/TelemetrySend.sys.mjs:803:18
setup@resource://gre/modules/TelemetrySend.sys.mjs:241:30
setupTelemetry/this._delayedInitTask<@resource://gre/modules/TelemetryControllerParent.sys.mjs:828:36
observe@resource://gre/modules/AsyncShutdown.sys.mjs:576:16

WARNING: A blocker encountered an error while we were waiting.
          Blocker:  TelemetryController: shutting down
          Phase: profile-before-change-telemetry
          State: Error getting state: Error: Phase "profile-before-change" is finished, it is too late to register completion condition "OS.File: flush I/O queued before profileBeforeChange" at addBlocker@resource://gre/modules/AsyncShutdown.sys.mjs:727:15
addBlocker@resource://gre/modules/AsyncShutdown.sys.mjs:523:26
addBlocker@resource://gre/modules/AsyncShutdown.sys.mjs:458:15
setupShutdown@resource://gre/moJavaScripdtu leersror/:o srfeisloeu/rocsefi:/l/eg_raesy/nmco_duflroenst/.Ajssynmc:S15h4ut8d:o2w8n
.@syrse.smojusr,c e:l/in/egr e7/27mod:u lEersr/oors:f iPlhea/seo sf"pirlofei_lasey-bnce_fofrreo-ntc.hajnsmg:e"1 56is8 :f1i6n
i@srheeds,ou rict e:i/s/ gtoro le/amteo dtuol esre/goissfitleer .cjosmmp:1l2e:ti3o0n
 @cornedistouirocne :"/OS.Fi/lgere:/m ofdluulsehs /IT/eOl eqmeuteuryeSdt oberafgore.e spyrso.fmijlse:B1e0:f2o8re
C_hcahnegeck"Pe
ndingPings@rJeasvaoSucrrcie:p/t/ gree/mrorodurl: esr/esTeoulremcee:tr//ygSreen/modules/Asdy.nscSyhs.utmdojwsn:.86sy3s:.m1j7s, 
sleitune p7@2r7e:s Eorurrorc:e :/Ph/agrsee /"mpordouflielse/-Tbeelfeomreet-rcyhSaenngde."s yiss. mfjisn:i8s0h3e:d1,8 i
ts eitusp @troeos olautrec et:o/ /rgergei/smteord ucloemsp/lTeteiloen mceotrndyiSteinodn. s"OySs..Fmijlse::2 f4l1u:s3h0 I
/sO eqtuuepuTeedl beemfeotrrey /ptrohfiisl.e_BdeefloraeyCehdaInngiet"Ta
sJka<v@arScersioputr cerror: rees:o/u/rgcree://m/gordeu/lmeosd/ulTeesl/eAmseytnrcySChounttdroowlnl.esryPsa.rmejnst,. slyisn.em j7s2:78:2 8E:r3r6or
:o bPshearsvee @"rpersoofuirlcee-:b/e/fgorree/-mcohdaunlgee" is finisheds, i/tA siysn tcoSoh ultadtoew tno. sryesg.imsjtse:r5 7c6o:m1p6le
ti
oWnA RcNoInNdGi:t iEornr o"rO:S .PFhialsee:  "pfrolfilues-hb eIf/oOr eq-ucehuaendg eb"e fiosr e fpirnoisfhielde,B eifto riesCh atnogoe "la
tJea vtaoS crreigpits teerrro rc: ormepsloeutriceo:n/ /cgorned/imotdiuolne s"/OASsy.nFciSlheu:t dfolwuns.hs yIs/.mOj sq,u eluiende  7b2e7f:o rEer rporro:f iPlheaBseef or"eChpraonfgiel"e-
bWeAfRoNrIeN-Gc:h aandgdeB"l oisc kfeirn@irshed, it is too late esource://gre/modules/Atsyon creShguitsdtoewrn .csoymsp.lmejtsio:n7 2c7o:n1d5it
iaodn "OdS.FiBle:l ofclkuesrh@ rIe/sOo uqruceeu:e/d/ gbreef/omreo dpurolfes/AsyncShutdowni.lseyBse.fmojrse:C5h2a3n:g2e6"

aJdadvBalSoccrkieprt@ reersroour:r cree:s/o/ugrrcee/:m/o/dgurlee/sm/oAdsuylnecsS/hAustydnocwSnh.ustydso.wmnj.ssy:s4.5m8j:s1,5 l
isneet u7p2S7h:u tEdrorwonr@:r Pehsaousrec e":p/r/ogfriel/em-beofdourle-change" is finisheed,s i/to sifsi lteo/oo slfaitlee _toa sryengci_sftreorn tc.ojmspml:e1t5i4o8n: 2co8nd
i@trieosno u"rOcSe.:F/i/lger:e /fmloudsuhl eIs//Oo sqfuieluee/do sbfeifloer_ea spyrnocf_ileBefforerChoanntg.ej"s
mJ:a1v5a6S8c:r1i6pt
 @errersooru:r cree:s/o/urgcree://m/ogdruel/emso/douslfesi/lAes.yjnscmS:h1u2t:d3o0wn
.@sysr.emsjosu,r clei:n/e/ g7r2e7/:m oEdrurloers:/TelemetryStorage.sys.mjs:10:28
_checkPendingPings@resource: //Pghraes/em o"dpurloefsi/lTee-lbeemfeotrrey-Scehnadn.gsey"s .imjs:863s: 1f7in
issehteudp,@ it is too late to register completion condition "OS.File: flush I/O queued before profileBeforeChange"
resource://gre/modules/TelemetrySend.sys.mjs:803:18
setup@resource://gre/modules/TelemetrySend.sys.mjs:241:30
setupTelemetry/this._delayedInitTask<@resource://gre/modules/TelemetryControllerParent.sys.mjs:828:36
observe@resource://gre/modules/AsyncShutdown.sys.mjs:576:16

]]></system-err>
  </testcase>
</testsuite>